[16:36:26] [ServerMain/WARN]: Failed to add PDH Counter: \Paging File(_Total)\% Usage, Error code: 0xC0000BB8
[16:36:26] [ServerMain/WARN]: Failed to add counter for PDH counter: \Paging File(_Total)\% Usage
[16:36:26] [ServerMain/WARN]: Disabling further attempts to query Paging File.
[16:36:27] [ServerMain/WARN]: COM exception: Invalid Query: SELECT PERCENTUSAGE FROM Win32_PerfRawData_PerfOS_PagingFile
[16:36:33] [ServerMain/INFO]: Environment: authHost='https://authserver.mojang.com', accountsHost='https://api.mojang.com', sessionHost='https://sessionserver.mojang.com', servicesHost='https://api.minecraftservices.com', name='PROD'
[16:36:35] [Worker-Main-2/ERROR]: Couldn't parse data file minecraft:adventure/salvage_sherd from minecraft:advancements/adventure/salvage_sherd.json
com.google.gson.JsonParseException: com.google.gson.stream.MalformedJsonException: Unterminated object at line 10 column 6 path $.criteria.desert_pyramid.trigger
	at net.minecraft.util.ChatDeserializer.a(SourceFile:526) ~[spigot-1.20.1-R0.1-SNAPSHOT.jar:3871-Spigot-d2eba2c-3f9263b]
	at net.minecraft.util.ChatDeserializer.b(SourceFile:531) ~[spigot-1.20.1-R0.1-SNAPSHOT.jar:3871-Spigot-d2eba2c-3f9263b]
	at net.minecraft.util.ChatDeserializer.a(SourceFile:581) ~[spigot-1.20.1-R0.1-SNAPSHOT.jar:3871-Spigot-d2eba2c-3f9263b]
	at net.minecraft.server.packs.resources.ResourceDataJson.a(SourceFile:44) ~[spigot-1.20.1-R0.1-SNAPSHOT.jar:3871-Spigot-d2eba2c-3f9263b]
	at net.minecraft.server.packs.resources.ResourceDataJson.a(SourceFile:32) ~[spigot-1.20.1-R0.1-SNAPSHOT.jar:3871-Spigot-d2eba2c-3f9263b]
	at net.minecraft.server.packs.resources.ResourceDataJson.b(SourceFile:18) ~[spigot-1.20.1-R0.1-SNAPSHOT.jar:3871-Spigot-d2eba2c-3f9263b]
	at net.minecraft.server.packs.resources.ResourceDataAbstract.a(SourceFile:11) ~[spigot-1.20.1-R0.1-SNAPSHOT.jar:3871-Spigot-d2eba2c-3f9263b]
	at java.util.concurrent.CompletableFuture$AsyncSupply.run(CompletableFuture.java:1768) ~[?:?]
	at java.util.concurrent.CompletableFuture$AsyncSupply.exec(CompletableFuture.java:1760) ~[?:?]
	at java.util.concurrent.ForkJoinTask.doExec(ForkJoinTask.java:387) ~[?:?]
	at java.util.concurrent.ForkJoinPool$WorkQueue.topLevelExec(ForkJoinPool.java:1312) ~[?:?]
	at java.util.concurrent.ForkJoinPool.scan(ForkJoinPool.java:1843) ~[?:?]
	at java.util.concurrent.ForkJoinPool.runWorker(ForkJoinPool.java:1808) ~[?:?]
	at java.util.concurrent.ForkJoinWorkerThread.run(ForkJoinWorkerThread.java:188) ~[?:?]
Caused by: com.google.gson.stream.MalformedJsonException: Unterminated object at line 10 column 6 path $.criteria.desert_pyramid.trigger
	at com.google.gson.stream.JsonReader.syntaxError(JsonReader.java:1657) ~[gson-2.10.jar:?]
	at com.google.gson.stream.JsonReader.doPeek(JsonReader.java:500) ~[gson-2.10.jar:?]
	at com.google.gson.stream.JsonReader.hasNext(JsonReader.java:422) ~[gson-2.10.jar:?]
	at com.google.gson.internal.bind.TypeAdapters$28.read(TypeAdapters.java:779) ~[gson-2.10.jar:?]
	at com.google.gson.internal.bind.TypeAdapters$28.read(TypeAdapters.java:725) ~[gson-2.10.jar:?]
	at com.google.gson.internal.bind.TypeAdapters$34$1.read(TypeAdapters.java:1007) ~[gson-2.10.jar:?]
	at net.minecraft.util.ChatDeserializer.a(SourceFile:524) ~[spigot-1.20.1-R0.1-SNAPSHOT.jar:3871-Spigot-d2eba2c-3f9263b]
	... 13 more
[16:36:36] [ServerMain/INFO]: Loaded 7 recipes
[16:36:36] [ServerMain/ERROR]: Parsing error loading custom advancement minecraft:recipes/brewing/_list: Missing criteria, expected to find a JsonObject
[16:36:36] [ServerMain/ERROR]: Parsing error loading custom advancement minecraft:husbandry/_list: Missing criteria, expected to find a JsonObject
[16:36:36] [ServerMain/ERROR]: Parsing error loading custom advancement minecraft:recipes/transportation/_list: Missing criteria, expected to find a JsonObject
[16:36:36] [ServerMain/ERROR]: Parsing error loading custom advancement minecraft:husbandry/make_a_sign_glow: Failed to parse 'location' field
[16:36:36] [ServerMain/ERROR]: Parsing error loading custom advancement minecraft:recipes/transportation/_all: Missing criteria, expected to find a JsonObject
[16:36:36] [ServerMain/ERROR]: Parsing error loading custom advancement minecraft:recipes/decorations/_all: Missing criteria, expected to find a JsonObject
[16:36:36] [ServerMain/ERROR]: Parsing error loading custom advancement minecraft:recipes/food/_list: Missing criteria, expected to find a JsonObject
[16:36:36] [ServerMain/ERROR]: Parsing error loading custom advancement minecraft:recipes/tools/_all: Missing criteria, expected to find a JsonObject
[16:36:36] [ServerMain/ERROR]: Parsing error loading custom advancement minecraft:nether/_all: Missing criteria, expected to find a JsonObject
[16:36:36] [ServerMain/ERROR]: Parsing error loading custom advancement minecraft:recipes/combat/_all: Missing criteria, expected to find a JsonObject
[16:36:36] [ServerMain/ERROR]: Parsing error loading custom advancement minecraft:recipes/_list: Missing criteria, expected to find a JsonObject
[16:36:36] [ServerMain/ERROR]: Parsing error loading custom advancement minecraft:recipes/redstone/_list: Missing criteria, expected to find a JsonObject
[16:36:36] [ServerMain/ERROR]: Parsing error loading custom advancement obs:ob/wifi: Failed to parse 'location' field
[16:36:36] [ServerMain/ERROR]: Parsing error loading custom advancement minecraft:nether/charge_respawn_anchor: Failed to parse 'location' field
[16:36:36] [ServerMain/ERROR]: Parsing error loading custom advancement minecraft:husbandry/wax_off: Failed to parse 'location' field
[16:36:36] [ServerMain/ERROR]: Parsing error loading custom advancement minecraft:recipes/redstone/_all: Missing criteria, expected to find a JsonObject
[16:36:36] [ServerMain/ERROR]: Parsing error loading custom advancement minecraft:adventure/_all: Missing criteria, expected to find a JsonObject
[16:36:36] [ServerMain/ERROR]: Parsing error loading custom advancement minecraft:_list: Missing criteria, expected to find a JsonObject
[16:36:36] [ServerMain/ERROR]: Parsing error loading custom advancement minecraft:nether/_list: Missing criteria, expected to find a JsonObject
[16:36:36] [ServerMain/ERROR]: Parsing error loading custom advancement minecraft:recipes/brewing/_all: Missing criteria, expected to find a JsonObject
[16:36:36] [ServerMain/ERROR]: Parsing error loading custom advancement minecraft:story/_list: Missing criteria, expected to find a JsonObject
[16:36:36] [ServerMain/ERROR]: Parsing error loading custom advancement minecraft:husbandry/plant_seed: Failed to parse 'location' field
[16:36:36] [ServerMain/ERROR]: Parsing error loading custom advancement minecraft:recipes/building_blocks/_list: Missing criteria, expected to find a JsonObject
[16:36:36] [ServerMain/ERROR]: Parsing error loading custom advancement minecraft:husbandry/allay_deliver_cake_to_note_block: Failed to parse 'location' field
[16:36:36] [ServerMain/ERROR]: Parsing error loading custom advancement obs:ob/farmer: Failed to parse 'location' field
[16:36:36] [ServerMain/ERROR]: Parsing error loading custom advancement minecraft:end/_all: Missing criteria, expected to find a JsonObject
[16:36:36] [ServerMain/ERROR]: Parsing error loading custom advancement minecraft:husbandry/wax_on: Failed to parse 'location' field
[16:36:36] [ServerMain/ERROR]: Parsing error loading custom advancement minecraft:adventure/play_jukebox_in_meadows: Failed to parse 'location' field
[16:36:36] [ServerMain/ERROR]: Parsing error loading custom advancement minecraft:recipes/misc/_list: Missing criteria, expected to find a JsonObject
[16:36:36] [ServerMain/ERROR]: Parsing error loading custom advancement minecraft:husbandry/_all: Missing criteria, expected to find a JsonObject
[16:36:36] [ServerMain/ERROR]: Parsing error loading custom advancement minecraft:end/_list: Missing criteria, expected to find a JsonObject
[16:36:36] [ServerMain/ERROR]: Parsing error loading custom advancement minecraft:nether/use_lodestone: Failed to parse 'location' field
[16:36:36] [ServerMain/ERROR]: Parsing error loading custom advancement minecraft:husbandry/safely_harvest_honey: Failed to parse 'location' field
[16:36:36] [ServerMain/ERROR]: Parsing error loading custom advancement minecraft:recipes/combat/_list: Missing criteria, expected to find a JsonObject
[16:36:36] [ServerMain/ERROR]: Parsing error loading custom advancement minecraft:recipes/food/_all: Missing criteria, expected to find a JsonObject
[16:36:36] [ServerMain/ERROR]: Parsing error loading custom advancement minecraft:story/_all: Missing criteria, expected to find a JsonObject
[16:36:36] [ServerMain/ERROR]: Parsing error loading custom advancement minecraft:recipes/decorations/_list: Missing criteria, expected to find a JsonObject
[16:36:36] [ServerMain/ERROR]: Parsing error loading custom advancement minecraft:recipes/_all: Missing criteria, expected to find a JsonObject
[16:36:36] [ServerMain/ERROR]: Parsing error loading custom advancement minecraft:adventure/_list: Missing criteria, expected to find a JsonObject
[16:36:36] [ServerMain/ERROR]: Parsing error loading custom advancement obs:ob/plant: Failed to parse 'location' field
[16:36:36] [ServerMain/ERROR]: Parsing error loading custom advancement minecraft:recipes/building_blocks/_all: Missing criteria, expected to find a JsonObject
[16:36:36] [ServerMain/ERROR]: Parsing error loading custom advancement minecraft:recipes/tools/_list: Missing criteria, expected to find a JsonObject
[16:36:36] [ServerMain/ERROR]: Parsing error loading custom advancement minecraft:recipes/misc/_all: Missing criteria, expected to find a JsonObject
[16:36:36] [ServerMain/ERROR]: Couldn't load advancement minecraft:husbandry/allay_deliver_item_to_player: Task Advancement{parentId=minecraft:, display=net.minecraft.advancements.AdvancementDisplay@b4eaec9, rewards=AdvancementRewards{experience=0, loot=[], recipes=[], function=net.minecraft.commands.CustomFunction$a@15ab484f}, criteria={allay_deliver_item_to_player=net.minecraft.advancements.Criterion@64babab3}, requirements=[[allay_deliver_item_to_player]], sends_telemetry_event=false}
[16:36:36] [ServerMain/ERROR]: Couldn't load advancement minecraft:husbandry/ride_a_boat_with_a_goat: Task Advancement{parentId=minecraft:, display=net.minecraft.advancements.AdvancementDisplay@10f8c16b, rewards=AdvancementRewards{experience=0, loot=[], recipes=[], function=net.minecraft.commands.CustomFunction$a@15ab484f}, criteria={ride_a_boat_with_a_goat=net.minecraft.advancements.Criterion@21a68ee5}, requirements=[[ride_a_boat_with_a_goat]], sends_telemetry_event=false}
[16:36:36] [ServerMain/ERROR]: Couldn't load advancement minecraft:nether/all_potions: Task Advancement{parentId=minecraft:, display=net.minecraft.advancements.AdvancementDisplay@2bd0dfa, rewards=AdvancementRewards{experience=100, loot=[], recipes=[], function=net.minecraft.commands.CustomFunction$a@15ab484f}, criteria={all_effects=net.minecraft.advancements.Criterion@17796aee}, requirements=[[all_effects]], sends_telemetry_event=false}
[16:36:36] [ServerMain/ERROR]: Couldn't load advancement obs:ob/holy_cow: Task Advancement{parentId=obs:ob/milk, display=net.minecraft.advancements.AdvancementDisplay@23dac5c5, rewards=AdvancementRewards{experience=0, loot=[], recipes=[], function=net.minecraft.commands.CustomFunction$a@15ab484f}, criteria={cow=net.minecraft.advancements.Criterion@7fa8f54a}, requirements=[[cow]], sends_telemetry_event=false}
[16:36:36] [ServerMain/ERROR]: Couldn't load advancement minecraft:end/levitate: Task Advancement{parentId=minecraft:end/find_end_city, display=net.minecraft.advancements.AdvancementDisplay@79076b7, rewards=AdvancementRewards{experience=50, loot=[], recipes=[], function=net.minecraft.commands.CustomFunction$a@15ab484f}, criteria={levitated=net.minecraft.advancements.Criterion@3faad1aa}, requirements=[[levitated]], sends_telemetry_event=false}
[16:36:36] [ServerMain/ERROR]: Couldn't load advancement minecraft:nether/all_effects: Task Advancement{parentId=minecraft:nether/all_potions, display=net.minecraft.advancements.AdvancementDisplay@7abf4543, rewards=AdvancementRewards{experience=1000, loot=[], recipes=[], function=net.minecraft.commands.CustomFunction$a@15ab484f}, criteria={all_effects=net.minecraft.advancements.Criterion@13f1fc3f}, requirements=[[all_effects]], sends_telemetry_event=false}
[16:36:36] [ServerMain/ERROR]: Couldn't load advancement minecraft:end/find_end_city: Task Advancement{parentId=minecraft:end/enter_end_gateway, display=net.minecraft.advancements.AdvancementDisplay@5a7abec9, rewards=AdvancementRewards{experience=0, loot=[], recipes=[], function=net.minecraft.commands.CustomFunction$a@15ab484f}, criteria={in_city=net.minecraft.advancements.Criterion@4676b1bd}, requirements=[[in_city]], sends_telemetry_event=false}
[16:36:36] [ServerMain/ERROR]: Couldn't load advancement minecraft:end/enter_end_gateway: Task Advancement{parentId=minecraft:, display=net.minecraft.advancements.AdvancementDisplay@11a24a54, rewards=AdvancementRewards{experience=0, loot=[], recipes=[], function=net.minecraft.commands.CustomFunction$a@15ab484f}, criteria={entered_end_gateway=net.minecraft.advancements.Criterion@622afa84}, requirements=[[entered_end_gateway]], sends_telemetry_event=false}
[16:36:36] [ServerMain/ERROR]: Couldn't load advancement obs:ob/villager: Task Advancement{parentId=obs:ob/holy_cow, display=net.minecraft.advancements.AdvancementDisplay@550507dc, rewards=AdvancementRewards{experience=0, loot=[], recipes=[], function=net.minecraft.commands.CustomFunction$a@15ab484f}, criteria={villager=net.minecraft.advancements.Criterion@604e3922}, requirements=[[villager]], sends_telemetry_event=false}
[16:36:36] [ServerMain/ERROR]: Couldn't load advancement obs:ob/button: Task Advancement{parentId=obs:ob/farmer, display=net.minecraft.advancements.AdvancementDisplay@5111a71d, rewards=AdvancementRewards{experience=0, loot=[], recipes=[], function=net.minecraft.commands.CustomFunction$a@15ab484f}, criteria={button=net.minecraft.advancements.Criterion@40870334}, requirements=[[button]], sends_telemetry_event=false}
[16:36:36] [ServerMain/ERROR]: Couldn't load advancement minecraft:end/elytra: Task Advancement{parentId=minecraft:end/find_end_city, display=net.minecraft.advancements.AdvancementDisplay@17787b91, rewards=AdvancementRewards{experience=0, loot=[], recipes=[], function=net.minecraft.commands.CustomFunction$a@15ab484f}, criteria={elytra=net.minecraft.advancements.Criterion@6f9e44e9}, requirements=[[elytra]], sends_telemetry_event=false}
[16:36:36] [ServerMain/ERROR]: Couldn't load advancement minecraft:husbandry/obtain_netherite_hoe: Task Advancement{parentId=minecraft:husbandry/plant_seed, display=net.minecraft.advancements.AdvancementDisplay@5589d33, rewards=AdvancementRewards{experience=100, loot=[], recipes=[], function=net.minecraft.commands.CustomFunction$a@15ab484f}, criteria={netherite_hoe=net.minecraft.advancements.Criterion@187c287d}, requirements=[[netherite_hoe]], sends_telemetry_event=false}
[16:36:36] [ServerMain/ERROR]: Couldn't load advancement minecraft:husbandry/balanced_diet: Task Advancement{parentId=minecraft:, display=net.minecraft.advancements.AdvancementDisplay@236e27e3, rewards=AdvancementRewards{experience=100, loot=[], recipes=[], function=net.minecraft.commands.CustomFunction$a@15ab484f}, criteria={cooked_porkchop=net.minecraft.advancements.Criterion@5a28cc33, chicken=net.minecraft.advancements.Criterion@3d3cceaa, honey_bottle=net.minecraft.advancements.Criterion@2b4804b4, cooked_mutton=net.minecraft.advancements.Criterion@79cb7f01, sweet_berries=net.minecraft.advancements.Criterion@651e6d5f, chorus_fruit=net.minecraft.advancements.Criterion@3e8ca6c8, cooked_beef=net.minecraft.advancements.Criterion@550a6809, baked_potato=net.minecraft.advancements.Criterion@771b36de, beef=net.minecraft.advancements.Criterion@6179c9f7, porkchop=net.minecraft.advancements.Criterion@3a9889f6, tropical_fish=net.minecraft.advancements.Criterion@3c54f48c, beetroot_soup=net.minecraft.advancements.Criterion@12d7981e, apple=net.minecraft.advancements.Criterion@3dceddc2, spider_eye=net.minecraft.advancements.Criterion@436734b4, potato=net.minecraft.advancements.Criterion@580c58c0, cooked_cod=net.minecraft.advancements.Criterion@76b53cb7, rabbit=net.minecraft.advancements.Criterion@3ddedf6e, poisonous_potato=net.minecraft.advancements.Criterion@47668ef5, pumpkin_pie=net.minecraft.advancements.Criterion@7d161481, mutton=net.minecraft.advancements.Criterion@2299df10, pufferfish=net.minecraft.advancements.Criterion@69775182, bread=net.minecraft.advancements.Criterion@1a157b7f, golden_apple=net.minecraft.advancements.Criterion@57eac6a0, cookie=net.minecraft.advancements.Criterion@3b67e212, rotten_flesh=net.minecraft.advancements.Criterion@68cf5fbd, suspicious_stew=net.minecraft.advancements.Criterion@59301f58, glow_berries=net.minecraft.advancements.Criterion@586e0d18, dried_kelp=net.minecraft.advancements.Criterion@5c1d1375, salmon=net.minecraft.advancements.Criterion@4e3d8dfc, melon_slice=net.minecraft.advancements.Criterion@172e81bc, beetroot=net.minecraft.advancements.Criterion@3f80488c, golden_carrot=net.minecraft.advancements.Criterion@b3262b2, cooked_rabbit=net.minecraft.advancements.Criterion@29424c45, cooked_chicken=net.minecraft.advancements.Criterion@4a021bb0, enchanted_golden_apple=net.minecraft.advancements.Criterion@777bee54, mushroom_stew=net.minecraft.advancements.Criterion@6f4435fb, cod=net.minecraft.advancements.Criterion@54df7c32, rabbit_stew=net.minecraft.advancements.Criterion@eda2282, cooked_salmon=net.minecraft.advancements.Criterion@267b6443, carrot=net.minecraft.advancements.Criterion@68de769a}, requirements=[[apple], [mushroom_stew], [bread], [porkchop], [cooked_porkchop], [golden_apple], [enchanted_golden_apple], [cod], [salmon], [tropical_fish], [pufferfish], [cooked_cod], [cooked_salmon], [cookie], [melon_slice], [beef], [cooked_beef], [chicken], [cooked_chicken], [rotten_flesh], [spider_eye], [carrot], [potato], [baked_potato], [poisonous_potato], [golden_carrot], [pumpkin_pie], [rabbit], [cooked_rabbit], [rabbit_stew], [mutton], [cooked_mutton], [chorus_fruit], [beetroot], [beetroot_soup], [dried_kelp], [suspicious_stew], [sweet_berries], [honey_bottle], [glow_berries]], sends_telemetry_event=false}
[16:36:36] [ServerMain/ERROR]: Couldn't load advancement minecraft:nether/fast_travel: Task Advancement{parentId=minecraft:, display=net.minecraft.advancements.AdvancementDisplay@106a7064, rewards=AdvancementRewards{experience=100, loot=[], recipes=[], function=net.minecraft.commands.CustomFunction$a@15ab484f}, criteria={travelled=net.minecraft.advancements.Criterion@112fe8a1}, requirements=[[travelled]], sends_telemetry_event=false}
[16:36:36] [ServerMain/ERROR]: Couldn't load advancement obs:ob/ender: Task Advancement{parentId=obs:ob/golem, display=net.minecraft.advancements.AdvancementDisplay@15a3197e, rewards=AdvancementRewards{experience=0, loot=[], recipes=[], function=net.minecraft.commands.CustomFunction$a@15ab484f}, criteria={overender=net.minecraft.advancements.Criterion@7ba7818b, endender=net.minecraft.advancements.Criterion@fdc603f, netherender=net.minecraft.advancements.Criterion@141ace2d}, requirements=[[overender], [netherender], [endender]], sends_telemetry_event=false}
[16:36:36] [ServerMain/ERROR]: Couldn't load advancement obs:ob/golem: Task Advancement{parentId=obs:ob/villager, display=net.minecraft.advancements.AdvancementDisplay@13fea443, rewards=AdvancementRewards{experience=0, loot=[], recipes=[], function=net.minecraft.commands.CustomFunction$a@15ab484f}, criteria={villager=net.minecraft.advancements.Criterion@54c8dbe4}, requirements=[[villager]], sends_telemetry_event=false}
[16:36:36] [ServerMain/ERROR]: Couldn't load advancement obs:ob/milk: Task Advancement{parentId=obs:ob/farmer, display=net.minecraft.advancements.AdvancementDisplay@3e09f0c3, rewards=AdvancementRewards{experience=0, loot=[], recipes=[], function=net.minecraft.commands.CustomFunction$a@15ab484f}, criteria={milky=net.minecraft.advancements.Criterion@2c8c0b1d}, requirements=[[milky]], sends_telemetry_event=false}
[16:36:36] [Server thread/INFO]: Starting minecraft server version 1.20.1
[16:36:36] [Server thread/INFO]: Loading properties
[16:36:37] [Server thread/INFO]: This server is running CraftBukkit version 3871-Spigot-d2eba2c-3f9263b (MC: 1.20.1) (Implementing API version 1.20.1-R0.1-SNAPSHOT)
[16:36:38] [Server thread/INFO]: Debug logging is disabled
[16:36:38] [Server thread/INFO]: Using 4 threads for Netty based IO
[16:36:38] [Server thread/INFO]: Server Ping Player Sample Count: 12
[16:36:38] [Server thread/INFO]: Default game type: SURVIVAL
[16:36:38] [Server thread/INFO]: Generating keypair
[16:36:38] [Server thread/INFO]: Starting Minecraft server on *:25565
[16:36:38] [Server thread/INFO]: Using default channel type
[16:36:38] [Server thread/WARN]: **** SERVER IS RUNNING IN OFFLINE/INSECURE MODE!
[16:36:38] [Server thread/WARN]: The server will make no attempt to authenticate usernames. Beware.
[16:36:38] [Server thread/WARN]: While this makes the game possible to play without internet access, it also opens up the ability for hackers to connect with any username they choose.
[16:36:38] [Server thread/WARN]: To change this, set "online-mode" to "true" in the server.properties file.
[16:36:38] [Server thread/INFO]: Preparing level "world"
[16:36:38] [Server thread/INFO]: -------- World Settings For [world] --------
[16:36:38] [Server thread/INFO]: Zombie Aggressive Towards Villager: true
[16:36:38] [Server thread/INFO]: Nerfing mobs spawned from spawners: false
[16:36:38] [Server thread/INFO]: Experience Merge Radius: 3.0
[16:36:38] [Server thread/INFO]: Hopper Transfer: 8 Hopper Check: 1 Hopper Amount: 1 Hopper Can Load Chunks: false
[16:36:38] [Server thread/INFO]: Item Despawn Rate: 6000
[16:36:38] [Server thread/INFO]: Simulation Distance: 10
[16:36:38] [Server thread/INFO]: View Distance: 10
[16:36:38] [Server thread/INFO]: Item Merge Radius: 2.5
[16:36:38] [Server thread/INFO]: Allow Zombie Pigmen to spawn from portal blocks: true
[16:36:38] [Server thread/INFO]: Mob Spawn Range: 6
[16:36:38] [Server thread/INFO]: Entity Activation Range: An 32 / Mo 32 / Ra 48 / Mi 16 / Tiv true / Isa false
[16:36:38] [Server thread/INFO]: Entity Tracking Range: Pl 48 / An 48 / Mo 48 / Mi 32 / Di 128 / Other 64
[16:36:38] [Server thread/INFO]: Cactus Growth Modifier: 100%
[16:36:38] [Server thread/INFO]: Cane Growth Modifier: 100%
[16:36:38] [Server thread/INFO]: Melon Growth Modifier: 100%
[16:36:38] [Server thread/INFO]: Mushroom Growth Modifier: 100%
[16:36:38] [Server thread/INFO]: Pumpkin Growth Modifier: 100%
[16:36:38] [Server thread/INFO]: Sapling Growth Modifier: 100%
[16:36:38] [Server thread/INFO]: Beetroot Growth Modifier: 100%
[16:36:38] [Server thread/INFO]: Carrot Growth Modifier: 100%
[16:36:38] [Server thread/INFO]: Potato Growth Modifier: 100%
[16:36:38] [Server thread/INFO]: Wheat Growth Modifier: 100%
[16:36:38] [Server thread/INFO]: NetherWart Growth Modifier: 100%
[16:36:38] [Server thread/INFO]: Vine Growth Modifier: 100%
[16:36:38] [Server thread/INFO]: Cocoa Growth Modifier: 100%
[16:36:38] [Server thread/INFO]: Bamboo Growth Modifier: 100%
[16:36:38] [Server thread/INFO]: SweetBerry Growth Modifier: 100%
[16:36:38] [Server thread/INFO]: Kelp Growth Modifier: 100%
[16:36:38] [Server thread/INFO]: TwistingVines Growth Modifier: 100%
[16:36:38] [Server thread/INFO]: WeepingVines Growth Modifier: 100%
[16:36:38] [Server thread/INFO]: CaveVines Growth Modifier: 100%
[16:36:38] [Server thread/INFO]: Max TNT Explosions: 100
[16:36:38] [Server thread/INFO]: Tile Max Tick Time: 50ms Entity max Tick Time: 50ms
[16:36:38] [Server thread/INFO]: Custom Map Seeds:  Village: 10387312 Desert: 14357617 Igloo: 14357618 Jungle: 14357619 Swamp: 14357620 Monument: 10387313 Ocean: 14357621 Shipwreck: 165745295 End City: 10387313 Slime: 987234911 Nether: 30084232 Mansion: 10387319 Fossil: 14357921 Portal: 34222645
[16:36:38] [Server thread/INFO]: Arrow Despawn Rate: 1200 Trident Respawn Rate:1200
[16:36:38] [Server thread/INFO]: -------- World Settings For [world_nether] --------
[16:36:38] [Server thread/INFO]: Zombie Aggressive Towards Villager: true
[16:36:38] [Server thread/INFO]: Nerfing mobs spawned from spawners: false
[16:36:38] [Server thread/INFO]: Experience Merge Radius: 3.0
[16:36:38] [Server thread/INFO]: Hopper Transfer: 8 Hopper Check: 1 Hopper Amount: 1 Hopper Can Load Chunks: false
[16:36:38] [Server thread/INFO]: Item Despawn Rate: 6000
[16:36:38] [Server thread/INFO]: Simulation Distance: 10
[16:36:38] [Server thread/INFO]: View Distance: 10
[16:36:38] [Server thread/INFO]: Item Merge Radius: 2.5
[16:36:38] [Server thread/INFO]: Allow Zombie Pigmen to spawn from portal blocks: true
[16:36:38] [Server thread/INFO]: Mob Spawn Range: 6
[16:36:38] [Server thread/INFO]: Entity Activation Range: An 32 / Mo 32 / Ra 48 / Mi 16 / Tiv true / Isa false
[16:36:38] [Server thread/INFO]: Entity Tracking Range: Pl 48 / An 48 / Mo 48 / Mi 32 / Di 128 / Other 64
[16:36:38] [Server thread/INFO]: Cactus Growth Modifier: 100%
[16:36:38] [Server thread/INFO]: Cane Growth Modifier: 100%
[16:36:38] [Server thread/INFO]: Melon Growth Modifier: 100%
[16:36:38] [Server thread/INFO]: Mushroom Growth Modifier: 100%
[16:36:38] [Server thread/INFO]: Pumpkin Growth Modifier: 100%
[16:36:38] [Server thread/INFO]: Sapling Growth Modifier: 100%
[16:36:38] [Server thread/INFO]: Beetroot Growth Modifier: 100%
[16:36:38] [Server thread/INFO]: Carrot Growth Modifier: 100%
[16:36:38] [Server thread/INFO]: Potato Growth Modifier: 100%
[16:36:38] [Server thread/INFO]: Wheat Growth Modifier: 100%
[16:36:38] [Server thread/INFO]: NetherWart Growth Modifier: 100%
[16:36:38] [Server thread/INFO]: Vine Growth Modifier: 100%
[16:36:38] [Server thread/INFO]: Cocoa Growth Modifier: 100%
[16:36:38] [Server thread/INFO]: Bamboo Growth Modifier: 100%
[16:36:38] [Server thread/INFO]: SweetBerry Growth Modifier: 100%
[16:36:38] [Server thread/INFO]: Kelp Growth Modifier: 100%
[16:36:38] [Server thread/INFO]: TwistingVines Growth Modifier: 100%
[16:36:38] [Server thread/INFO]: WeepingVines Growth Modifier: 100%
[16:36:38] [Server thread/INFO]: CaveVines Growth Modifier: 100%
[16:36:38] [Server thread/INFO]: Max TNT Explosions: 100
[16:36:38] [Server thread/INFO]: Tile Max Tick Time: 50ms Entity max Tick Time: 50ms
[16:36:38] [Server thread/INFO]: Custom Map Seeds:  Village: 10387312 Desert: 14357617 Igloo: 14357618 Jungle: 14357619 Swamp: 14357620 Monument: 10387313 Ocean: 14357621 Shipwreck: 165745295 End City: 10387313 Slime: 987234911 Nether: 30084232 Mansion: 10387319 Fossil: 14357921 Portal: 34222645
[16:36:38] [Server thread/INFO]: Arrow Despawn Rate: 1200 Trident Respawn Rate:1200
[16:36:43] [Server thread/INFO]: -------- World Settings For [world_the_end] --------
[16:36:43] [Server thread/INFO]: Zombie Aggressive Towards Villager: true
[16:36:43] [Server thread/INFO]: Nerfing mobs spawned from spawners: false
[16:36:43] [Server thread/INFO]: Experience Merge Radius: 3.0
[16:36:43] [Server thread/INFO]: Hopper Transfer: 8 Hopper Check: 1 Hopper Amount: 1 Hopper Can Load Chunks: false
[16:36:43] [Server thread/INFO]: Item Despawn Rate: 6000
[16:36:43] [Server thread/INFO]: Simulation Distance: 10
[16:36:43] [Server thread/INFO]: View Distance: 10
[16:36:43] [Server thread/INFO]: Item Merge Radius: 2.5
[16:36:43] [Server thread/INFO]: Allow Zombie Pigmen to spawn from portal blocks: true
[16:36:43] [Server thread/INFO]: Mob Spawn Range: 6
[16:36:43] [Server thread/INFO]: Entity Activation Range: An 32 / Mo 32 / Ra 48 / Mi 16 / Tiv true / Isa false
[16:36:43] [Server thread/INFO]: Entity Tracking Range: Pl 48 / An 48 / Mo 48 / Mi 32 / Di 128 / Other 64
[16:36:43] [Server thread/INFO]: Cactus Growth Modifier: 100%
[16:36:43] [Server thread/INFO]: Cane Growth Modifier: 100%
[16:36:43] [Server thread/INFO]: Melon Growth Modifier: 100%
[16:36:43] [Server thread/INFO]: Mushroom Growth Modifier: 100%
[16:36:43] [Server thread/INFO]: Pumpkin Growth Modifier: 100%
[16:36:43] [Server thread/INFO]: Sapling Growth Modifier: 100%
[16:36:43] [Server thread/INFO]: Beetroot Growth Modifier: 100%
[16:36:43] [Server thread/INFO]: Carrot Growth Modifier: 100%
[16:36:43] [Server thread/INFO]: Potato Growth Modifier: 100%
[16:36:43] [Server thread/INFO]: Wheat Growth Modifier: 100%
[16:36:43] [Server thread/INFO]: NetherWart Growth Modifier: 100%
[16:36:43] [Server thread/INFO]: Vine Growth Modifier: 100%
[16:36:43] [Server thread/INFO]: Cocoa Growth Modifier: 100%
[16:36:43] [Server thread/INFO]: Bamboo Growth Modifier: 100%
[16:36:43] [Server thread/INFO]: SweetBerry Growth Modifier: 100%
[16:36:43] [Server thread/INFO]: Kelp Growth Modifier: 100%
[16:36:43] [Server thread/INFO]: TwistingVines Growth Modifier: 100%
[16:36:43] [Server thread/INFO]: WeepingVines Growth Modifier: 100%
[16:36:43] [Server thread/INFO]: CaveVines Growth Modifier: 100%
[16:36:43] [Server thread/INFO]: Max TNT Explosions: 100
[16:36:43] [Server thread/INFO]: Tile Max Tick Time: 50ms Entity max Tick Time: 50ms
[16:36:43] [Server thread/INFO]: Custom Map Seeds:  Village: 10387312 Desert: 14357617 Igloo: 14357618 Jungle: 14357619 Swamp: 14357620 Monument: 10387313 Ocean: 14357621 Shipwreck: 165745295 End City: 10387313 Slime: 987234911 Nether: 30084232 Mansion: 10387319 Fossil: 14357921 Portal: 34222645
[16:36:43] [Server thread/INFO]: Arrow Despawn Rate: 1200 Trident Respawn Rate:1200
[16:36:46] [Server thread/INFO]: Preparing start region for dimension minecraft:overworld
[16:36:49] [Worker-Main-2/INFO]: Preparing spawn area: 0%
[16:36:49] [Worker-Main-3/INFO]: Preparing spawn area: 0%
[16:36:49] [Worker-Main-3/INFO]: Preparing spawn area: 0%
[16:36:49] [Worker-Main-2/INFO]: Preparing spawn area: 0%
[16:36:49] [Worker-Main-3/INFO]: Preparing spawn area: 0%
[16:36:49] [Worker-Main-3/INFO]: Preparing spawn area: 0%
[16:36:49] [Worker-Main-1/INFO]: Preparing spawn area: 0%
[16:36:49] [Worker-Main-2/INFO]: Preparing spawn area: 0%
[16:36:50] [Worker-Main-1/INFO]: Preparing spawn area: 5%
[16:36:50] [Server thread/INFO]: Time elapsed: 4485 ms
[16:36:50] [Server thread/INFO]: Preparing start region for dimension minecraft:the_nether
[16:36:51] [Worker-Main-3/INFO]: Preparing spawn area: 0%
[16:36:51] [Worker-Main-3/INFO]: Preparing spawn area: 0%
[16:36:51] [Worker-Main-2/INFO]: Preparing spawn area: 1%
[16:36:52] [Worker-Main-2/INFO]: Preparing spawn area: 1%
[16:36:52] [Worker-Main-2/INFO]: Preparing spawn area: 4%
[16:36:53] [Worker-Main-2/INFO]: Preparing spawn area: 6%
[16:36:53] [Worker-Main-2/INFO]: Preparing spawn area: 9%
[16:36:54] [Worker-Main-3/INFO]: Preparing spawn area: 14%
[16:36:54] [Worker-Main-2/INFO]: Preparing spawn area: 16%
[16:36:55] [Worker-Main-1/INFO]: Preparing spawn area: 20%
[16:36:55] [Worker-Main-2/INFO]: Preparing spawn area: 23%
[16:36:56] [Worker-Main-3/INFO]: Preparing spawn area: 27%
[16:36:56] [Worker-Main-3/INFO]: Preparing spawn area: 31%
[16:36:57] [Worker-Main-3/INFO]: Preparing spawn area: 33%
[16:36:57] [Worker-Main-1/INFO]: Preparing spawn area: 36%
[16:36:58] [Worker-Main-1/INFO]: Preparing spawn area: 40%
[16:36:58] [Worker-Main-3/INFO]: Preparing spawn area: 42%
[16:36:59] [Worker-Main-1/INFO]: Preparing spawn area: 44%
[16:36:59] [Worker-Main-1/INFO]: Preparing spawn area: 47%
[16:37:00] [Worker-Main-3/INFO]: Preparing spawn area: 51%
[16:37:00] [Worker-Main-2/INFO]: Preparing spawn area: 54%
[16:37:01] [Worker-Main-3/INFO]: Preparing spawn area: 57%
[16:37:01] [Worker-Main-2/INFO]: Preparing spawn area: 61%
[16:37:02] [Worker-Main-2/INFO]: Preparing spawn area: 65%
[16:37:02] [Worker-Main-3/INFO]: Preparing spawn area: 68%
[16:37:03] [Worker-Main-1/INFO]: Preparing spawn area: 70%
[16:37:03] [Worker-Main-2/INFO]: Preparing spawn area: 74%
[16:37:04] [Worker-Main-3/INFO]: Preparing spawn area: 78%
[16:37:04] [Worker-Main-1/INFO]: Preparing spawn area: 83%
[16:37:05] [Worker-Main-2/INFO]: Preparing spawn area: 86%
[16:37:05] [Worker-Main-1/INFO]: Preparing spawn area: 88%
[16:37:06] [Worker-Main-2/INFO]: Preparing spawn area: 92%
[16:37:06] [Worker-Main-2/INFO]: Preparing spawn area: 96%
[16:37:07] [Server thread/INFO]: Time elapsed: 16398 ms
[16:37:07] [Server thread/INFO]: Preparing start region for dimension minecraft:the_end
[16:37:07] [Worker-Main-3/INFO]: Preparing spawn area: 0%
[16:37:07] [Worker-Main-3/INFO]: Preparing spawn area: 1%
[16:37:08] [Worker-Main-2/INFO]: Preparing spawn area: 22%
[16:37:08] [Worker-Main-2/INFO]: Preparing spawn area: 57%
[16:37:09] [Worker-Main-1/INFO]: Preparing spawn area: 90%
[16:37:09] [Server thread/INFO]: Time elapsed: 2155 ms
[16:37:09] [Server thread/INFO]: Done (30.750s)! For help, type "help"
[16:37:17] [Server thread/INFO]: Stopping the server
[16:37:17] [Server thread/INFO]: Stopping server
[16:37:17] [Server thread/INFO]: Saving players
[16:37:17] [Server thread/INFO]: Saving worlds
[16:37:20] [Server thread/INFO]: Saving chunks for level 'ServerLevel[world]'/minecraft:overworld
[16:37:20] [Server thread/INFO]: Saving chunks for level 'ServerLevel[world_nether]'/minecraft:the_nether
[16:37:21] [Server thread/INFO]: Saving chunks for level 'ServerLevel[world_the_end]'/minecraft:the_end
[16:37:21] [Server thread/INFO]: ThreadedAnvilChunkStorage (world): All chunks are saved
[16:37:21] [Server thread/INFO]: ThreadedAnvilChunkStorage (DIM-1): All chunks are saved
[16:37:21] [Server thread/INFO]: ThreadedAnvilChunkStorage (DIM1): All chunks are saved
[16:37:21] [Server thread/INFO]: ThreadedAnvilChunkStorage: All dimensions are saved
